[tools/server]2023/07/26 - 09:14:25.187	[34minfo[0m	D:/Language/Go/Go_code/src/tool/server/core/server.go:43	server run success on 	{"address": ":8080"}
[tools/server]2023/07/26 - 09:14:44.856	[34minfo[0m	D:/Language/Go/Go_code/src/tool/server/pkg/utils/rainbowTable.go:56	æ„å»ºå½©è™¹è¡¨ç”¨æ—¶18.8219616sç§’
[tools/server]2023/07/26 - 09:20:09.111	[34minfo[0m	D:/Language/Go/Go_code/src/tool/server/core/server.go:57	server exiting ...
[tools/server]2023/07/26 - 09:46:31.226	[34minfo[0m	D:/Language/Go/Go_code/src/tool/server/core/server.go:43	server run success on 	{"address": ":8080"}
[tools/server]2023/07/26 - 09:46:47.416	[34minfo[0m	D:/Language/Go/Go_code/src/tool/server/api/v1/shortcut.go:61	è·å–å¿«æ·æŒ‡ä»¤:
[tools/server]2023/07/26 - 09:47:35.081	[34minfo[0m	D:/Language/Go/Go_code/src/tool/server/api/v1/shortcut.go:61	è·å–å¿«æ·æŒ‡ä»¤:
[tools/server]2023/07/26 - 09:48:33.962	[34minfo[0m	D:/Language/Go/Go_code/src/tool/server/api/v1/shortcut.go:61	è·å–å¿«æ·æŒ‡ä»¤:
[tools/server]2023/07/26 - 09:48:42.848	[34minfo[0m	D:/Language/Go/Go_code/src/tool/server/core/server.go:57	server exiting ...
[tools/server]2023/07/26 - 09:51:31.594	[34minfo[0m	D:/Language/Go/Go_code/src/tool/server/core/server.go:43	server run success on 	{"address": ":8080"}
[tools/server]2023/07/26 - 09:52:29.625	[34minfo[0m	D:/Language/Go/Go_code/src/tool/server/core/server.go:57	server exiting ...
[tools/server]2023/07/26 - 09:52:36.270	[34minfo[0m	D:/Language/Go/Go_code/src/tool/server/core/server.go:43	server run success on 	{"address": ":8081"}
[tools/server]2023/07/26 - 09:53:31.776	[34minfo[0m	D:/Language/Go/Go_code/src/tool/server/core/server.go:57	server exiting ...
[tools/server]2023/07/26 - 09:53:37.869	[34minfo[0m	D:/Language/Go/Go_code/src/tool/server/core/server.go:43	server run success on 	{"address": ":8080"}
[tools/server]2023/07/26 - 09:54:04.938	[34minfo[0m	D:/Language/Go/Go_code/src/tool/server/core/server.go:57	server exiting ...
[tools/server]2023/07/26 - 09:54:37.477	[34minfo[0m	D:/Language/Go/Go_code/src/tool/server/core/server.go:43	server run success on 	{"address": ":8081"}
[tools/server]2023/07/26 - 09:55:50.437	[34minfo[0m	D:/Language/Go/Go_code/src/tool/server/api/v1/shortcut.go:61	è·å–å¿«æ·æŒ‡ä»¤:
[tools/server]2023/07/26 - 09:55:56.410	[34minfo[0m	D:/Language/Go/Go_code/src/tool/server/api/v1/shortcut.go:61	è·å–å¿«æ·æŒ‡ä»¤:
[tools/server]2023/07/26 - 09:55:59.319	[34minfo[0m	D:/Language/Go/Go_code/src/tool/server/api/v1/shortcut.go:61	è·å–å¿«æ·æŒ‡ä»¤:
[tools/server]2023/07/26 - 09:56:06.560	[34minfo[0m	D:/Language/Go/Go_code/src/tool/server/api/v1/shortcut.go:61	è·å–å¿«æ·æŒ‡ä»¤:
[tools/server]2023/07/26 - 09:57:54.932	[34minfo[0m	D:/Language/Go/Go_code/src/tool/server/core/server.go:57	server exiting ...
[tools/server]2023/07/26 - 09:58:13.268	[34minfo[0m	D:/Language/Go/Go_code/src/tool/server/core/server.go:43	server run success on 	{"address": ":8080"}
[tools/server]2023/07/26 - 09:58:14.659	[34minfo[0m	D:/Language/Go/Go_code/src/tool/server/api/v1/shortcut.go:61	è·å–å¿«æ·æŒ‡ä»¤:
[tools/server]2023/07/26 - 09:59:38.666	[34minfo[0m	D:/Language/Go/Go_code/src/tool/server/api/v1/shortcut.go:61	è·å–å¿«æ·æŒ‡ä»¤:
[tools/server]2023/07/26 - 10:01:12.580	[34minfo[0m	D:/Language/Go/Go_code/src/tool/server/core/server.go:57	server exiting ...
[tools/server]2023/07/26 - 10:01:17.629	[34minfo[0m	D:/Language/Go/Go_code/src/tool/server/core/server.go:43	server run success on 	{"address": ":8081"}
[tools/server]2023/07/26 - 10:01:19.030	[34minfo[0m	D:/Language/Go/Go_code/src/tool/server/api/v1/shortcut.go:61	è·å–å¿«æ·æŒ‡ä»¤:
[tools/server]2023/07/26 - 10:01:25.997	[34minfo[0m	D:/Language/Go/Go_code/src/tool/server/core/server.go:43	server run success on 	{"address": ":8080"}
[tools/server]2023/07/26 - 10:01:32.332	[34minfo[0m	D:/Language/Go/Go_code/src/tool/server/api/v1/shortcut.go:61	è·å–å¿«æ·æŒ‡ä»¤:
[tools/server]2023/07/26 - 10:01:33.813	[34minfo[0m	D:/Language/Go/Go_code/src/tool/server/api/v1/shortcut.go:61	è·å–å¿«æ·æŒ‡ä»¤:
[tools/server]2023/07/26 - 10:01:41.125	[34minfo[0m	D:/Language/Go/Go_code/src/tool/server/api/v1/shortcut.go:61	è·å–å¿«æ·æŒ‡ä»¤:
[tools/server]2023/07/26 - 10:02:05.124	[34minfo[0m	D:/Language/Go/Go_code/src/tool/server/core/server.go:57	server exiting ...
[tools/server]2023/07/26 - 10:02:05.124	[34minfo[0m	D:/Language/Go/Go_code/src/tool/server/core/server.go:57	server exiting ...
[tools/server]2023/07/26 - 10:02:09.049	[34minfo[0m	D:/Language/Go/Go_code/src/tool/server/core/server.go:43	server run success on 	{"address": ":8080"}
[tools/server]2023/07/26 - 10:02:15.234	[34minfo[0m	D:/Language/Go/Go_code/src/tool/server/api/v1/shortcut.go:61	è·å–å¿«æ·æŒ‡ä»¤:
[tools/server]2023/07/26 - 10:02:22.554	[34minfo[0m	D:/Language/Go/Go_code/src/tool/server/core/server.go:43	server run success on 	{"address": ":8081"}
[tools/server]2023/07/26 - 10:02:26.073	[34minfo[0m	D:/Language/Go/Go_code/src/tool/server/api/v1/shortcut.go:61	è·å–å¿«æ·æŒ‡ä»¤:
[tools/server]2023/07/26 - 10:02:28.821	[34minfo[0m	D:/Language/Go/Go_code/src/tool/server/api/v1/shortcut.go:61	è·å–å¿«æ·æŒ‡ä»¤:
[tools/server]2023/07/26 - 10:02:29.802	[34minfo[0m	D:/Language/Go/Go_code/src/tool/server/api/v1/shortcut.go:61	è·å–å¿«æ·æŒ‡ä»¤:
[tools/server]2023/07/26 - 10:03:37.414	[34minfo[0m	D:/Language/Go/Go_code/src/tool/server/core/server.go:57	server exiting ...
[tools/server]2023/07/26 - 10:03:37.414	[34minfo[0m	D:/Language/Go/Go_code/src/tool/server/core/server.go:57	server exiting ...
[tools/server]2023/07/26 - 10:03:42.369	[34minfo[0m	D:/Language/Go/Go_code/src/tool/server/core/server.go:43	server run success on 	{"address": ":8081"}
[tools/server]2023/07/26 - 10:03:48.462	[34minfo[0m	D:/Language/Go/Go_code/src/tool/server/api/v1/shortcut.go:61	è·å–å¿«æ·æŒ‡ä»¤:
[tools/server]2023/07/26 - 10:03:54.382	[34minfo[0m	D:/Language/Go/Go_code/src/tool/server/core/server.go:43	server run success on 	{"address": ":8080"}
[tools/server]2023/07/26 - 10:11:50.102	[34minfo[0m	D:/Language/Go/Go_code/src/tool/server/core/server.go:57	server exiting ...
[tools/server]2023/07/26 - 10:11:50.102	[34minfo[0m	D:/Language/Go/Go_code/src/tool/server/core/server.go:57	server exiting ...
[tools/server]2023/07/26 - 10:11:54.668	[34minfo[0m	D:/Language/Go/Go_code/src/tool/server/core/server.go:60	Server run success on 	{"address": ":8080"}
[tools/server]2023/07/26 - 10:12:03.744	[34minfo[0m	D:/Language/Go/Go_code/src/tool/server/api/v1/shortcut.go:61	è·å–å¿«æ·æŒ‡ä»¤:
[tools/server]2023/07/26 - 10:12:20.602	[34minfo[0m	D:/Language/Go/Go_code/src/tool/server/api/v1/shortcut.go:61	è·å–å¿«æ·æŒ‡ä»¤:
[tools/server]2023/07/26 - 10:12:20.604	[34minfo[0m	D:/Language/Go/Go_code/src/tool/server/core/server.go:60	Server run success on 	{"address": ":8081"}
[tools/server]2023/07/26 - 10:12:27.503	[34minfo[0m	D:/Language/Go/Go_code/src/tool/server/api/v1/shortcut.go:61	è·å–å¿«æ·æŒ‡ä»¤:
[tools/server]2023/07/26 - 11:16:23.614	[34minfo[0m	D:/Language/Go/Go_code/src/tool/server/core/server.go:77	Server exiting ...
[tools/server]2023/07/26 - 11:30:43.934	[34minfo[0m	D:/Language/Go/Go_code/src/tool/server/core/server.go:60	Server run success on 	{"address": ":8081"}
[tools/server]2023/07/26 - 11:31:34.898	[34minfo[0m	D:/Language/Go/Go_code/src/tool/server/core/server.go:60	Server run success on 	{"address": ":8080"}
[tools/server]2023/07/26 - 11:36:53.053	[34minfo[0m	D:/Language/Go/Go_code/src/tool/server/core/server.go:77	Server exiting ...
[tools/server]2023/07/26 - 11:37:04.624	[34minfo[0m	D:/Language/Go/Go_code/src/tool/server/core/server.go:60	Server run success on 	{"address": ":8080"}
[tools/server]2023/07/26 - 11:37:43.784	[34minfo[0m	D:/Language/Go/Go_code/src/tool/server/core/server.go:77	Server exiting ...
[tools/server]2023/07/26 - 11:37:55.290	[34minfo[0m	D:/Language/Go/Go_code/src/tool/server/core/server.go:60	Server run success on 	{"address": ":8080"}
[tools/server]2023/07/26 - 11:41:26.398	[34minfo[0m	D:/Language/Go/Go_code/src/tool/server/core/server.go:77	Server exiting ...
[tools/server]2023/07/26 - 11:41:38.364	[34minfo[0m	D:/Language/Go/Go_code/src/tool/server/core/server.go:60	Server run success on 	{"address": ":8080"}
[tools/server]2023/07/26 - 11:41:44.205	[34minfo[0m	D:/Language/Go/Go_code/src/tool/server/core/server.go:77	Server exiting ...
[tools/server]2023/07/26 - 11:41:47.856	[34minfo[0m	D:/Language/Go/Go_code/src/tool/server/core/server.go:60	Server run success on 	{"address": ":8080"}
[tools/server]2023/07/26 - 11:41:53.857	[34minfo[0m	D:/Language/Go/Go_code/src/tool/server/core/server.go:77	Server exiting ...
[tools/server]2023/07/26 - 11:41:57.943	[34minfo[0m	D:/Language/Go/Go_code/src/tool/server/core/server.go:60	Server run success on 	{"address": ":8080"}
[tools/server]2023/07/26 - 11:41:57.963	[34minfo[0m	D:/Language/Go/Go_code/src/tool/server/core/server.go:77	Server exiting ...
[tools/server]2023/07/26 - 11:42:04.732	[34minfo[0m	D:/Language/Go/Go_code/src/tool/server/core/server.go:60	Server run success on 	{"address": ":8080"}
[tools/server]2023/07/26 - 11:42:57.283	[34minfo[0m	D:/Language/Go/Go_code/src/tool/server/core/server.go:77	Server exiting ...
[tools/server]2023/07/26 - 11:43:00.986	[34minfo[0m	D:/Language/Go/Go_code/src/tool/server/core/server.go:60	Server run success on 	{"address": ":8080"}
[tools/server]2023/07/26 - 11:43:09.242	[34minfo[0m	D:/Language/Go/Go_code/src/tool/server/core/server.go:77	Server exiting ...
[tools/server]2023/07/26 - 11:43:26.684	[34minfo[0m	D:/Language/Go/Go_code/src/tool/server/core/server.go:60	Server run success on 	{"address": ":8080"}
[tools/server]2023/07/26 - 11:44:15.314	[34minfo[0m	D:/Language/Go/Go_code/src/tool/server/core/server.go:77	Server exiting ...
[tools/server]2023/07/26 - 11:44:17.066	[34minfo[0m	D:/Language/Go/Go_code/src/tool/server/core/server.go:60	Server run success on 	{"address": ":8080"}
[tools/server]2023/07/26 - 11:46:53.958	[34minfo[0m	D:/Language/Go/Go_code/src/tool/server/core/server.go:77	Server exiting ...
[tools/server]2023/07/26 - 11:46:57.068	[34minfo[0m	D:/Language/Go/Go_code/src/tool/server/core/server.go:60	Server run success on 	{"address": ":8080"}
[tools/server]2023/07/26 - 11:48:41.483	[34minfo[0m	D:/Language/Go/Go_code/src/tool/server/core/server.go:77	Server exiting ...
[tools/server]2023/07/26 - 11:48:43.756	[34minfo[0m	D:/Language/Go/Go_code/src/tool/server/core/server.go:60	Server run success on 	{"address": ":8080"}
[tools/server]2023/07/26 - 11:48:54.210	[34minfo[0m	D:/Language/Go/Go_code/src/tool/server/core/server.go:77	Server exiting ...
[tools/server]2023/07/26 - 11:49:09.479	[34minfo[0m	D:/Language/Go/Go_code/src/tool/server/core/server.go:60	Server run success on 	{"address": ":8080"}
[tools/server]2023/07/26 - 11:50:12.878	[34minfo[0m	D:/Language/Go/Go_code/src/tool/server/core/server.go:77	Server exiting ...
[tools/server]2023/07/26 - 11:50:22.651	[34minfo[0m	D:/Language/Go/Go_code/src/tool/server/core/server.go:60	Server run success on 	{"address": ":8080"}
[tools/server]2023/07/26 - 11:52:49.874	[34minfo[0m	D:/Language/Go/Go_code/src/tool/server/core/server.go:77	Server exiting ...
[tools/server]2023/07/26 - 11:52:56.876	[34minfo[0m	D:/Language/Go/Go_code/src/tool/server/core/server.go:60	Server run success on 	{"address": ":8080"}
[tools/server]2023/07/26 - 11:54:12.608	[34minfo[0m	D:/Language/Go/Go_code/src/tool/server/core/server.go:77	Server exiting ...
[tools/server]2023/07/26 - 11:54:24.643	[34minfo[0m	D:/Language/Go/Go_code/src/tool/server/core/server.go:60	Server run success on 	{"address": ":8080"}
[tools/server]2023/07/26 - 11:54:36.465	[34minfo[0m	D:/Language/Go/Go_code/src/tool/server/core/server.go:77	Server exiting ...
[tools/server]2023/07/26 - 11:54:38.345	[34minfo[0m	D:/Language/Go/Go_code/src/tool/server/core/server.go:60	Server run success on 	{"address": ":8080"}
[tools/server]2023/07/26 - 11:57:26.866	[34minfo[0m	D:/Language/Go/Go_code/src/tool/server/core/server.go:77	Server exiting ...
[tools/server]2023/07/26 - 11:57:34.029	[34minfo[0m	D:/Language/Go/Go_code/src/tool/server/core/server.go:60	Server run success on 	{"address": ":8080"}
[tools/server]2023/07/26 - 11:57:54.069	[34minfo[0m	D:/Language/Go/Go_code/src/tool/server/core/server.go:77	Server exiting ...
[tools/server]2023/07/26 - 11:57:57.529	[34minfo[0m	D:/Language/Go/Go_code/src/tool/server/core/server.go:60	Server run success on 	{"address": ":8080"}
[tools/server]2023/07/26 - 12:16:45.351	[34minfo[0m	D:/Language/Go/Go_code/src/tool/server/core/server.go:77	Server exiting ...
[tools/server]2023/07/26 - 12:16:55.133	[34minfo[0m	D:/Language/Go/Go_code/src/tool/server/core/server.go:60	Server run success on 	{"address": ":8080"}
[tools/server]2023/07/26 - 12:20:20.025	[34minfo[0m	D:/Language/Go/Go_code/src/tool/server/core/server.go:77	Server exiting ...
[tools/server]2023/07/26 - 12:20:22.179	[34minfo[0m	D:/Language/Go/Go_code/src/tool/server/core/server.go:60	Server run success on 	{"address": ":8080"}
[tools/server]2023/07/26 - 12:21:08.581	[34minfo[0m	D:/Language/Go/Go_code/src/tool/server/core/server.go:77	Server exiting ...
[tools/server]2023/07/26 - 12:21:12.065	[34minfo[0m	D:/Language/Go/Go_code/src/tool/server/core/server.go:60	Server run success on 	{"address": ":8080"}
[tools/server]2023/07/26 - 12:21:15.972	[34minfo[0m	D:/Language/Go/Go_code/src/tool/server/core/server.go:77	Server exiting ...
[tools/server]2023/07/26 - 12:21:19.517	[34minfo[0m	D:/Language/Go/Go_code/src/tool/server/core/server.go:60	Server run success on 	{"address": ":8080"}
[tools/server]2023/07/26 - 12:21:30.577	[34minfo[0m	D:/Language/Go/Go_code/src/tool/server/pkg/utils/rainbowTable.go:56	æ„å»ºå½©è™¹è¡¨ç”¨æ—¶10.9850261sç§’
[tools/server]2023/07/26 - 12:21:40.970	[34minfo[0m	D:/Language/Go/Go_code/src/tool/server/pkg/utils/rainbowTable.go:56	æ„å»ºå½©è™¹è¡¨ç”¨æ—¶14.6584349sç§’
[tools/server]2023/07/26 - 12:21:51.473	[34minfo[0m	D:/Language/Go/Go_code/src/tool/server/core/server.go:77	Server exiting ...
[tools/server]2023/07/26 - 12:21:54.067	[34minfo[0m	D:/Language/Go/Go_code/src/tool/server/core/server.go:60	Server run success on 	{"address": ":8080"}
[tools/server]2023/07/26 - 12:22:07.850	[34minfo[0m	D:/Language/Go/Go_code/src/tool/server/pkg/utils/rainbowTable.go:56	æ„å»ºå½©è™¹è¡¨ç”¨æ—¶10.4508139sç§’
[tools/server]2023/07/26 - 12:28:20.281	[34minfo[0m	D:/Language/Go/Go_code/src/tool/server/core/server.go:77	Server exiting ...
[tools/server]2023/07/26 - 12:34:20.975	[34minfo[0m	D:/Language/Go/Go_code/src/tool/server/core/server.go:60	Server run success on 	{"address": ":8080"}
[tools/server]2023/07/26 - 12:34:53.650	[34minfo[0m	D:/Language/Go/Go_code/src/tool/server/pkg/utils/rainbowTable.go:56	æ„å»ºå½©è™¹è¡¨ç”¨æ—¶7.7715401sç§’
[tools/server]2023/07/26 - 12:35:08.864	[34minfo[0m	D:/Language/Go/Go_code/src/tool/server/core/server.go:77	Server exiting ...
[tools/server]2023/07/26 - 12:35:12.740	[34minfo[0m	D:/Language/Go/Go_code/src/tool/server/core/server.go:60	Server run success on 	{"address": ":8080"}
[tools/server]2023/07/26 - 12:35:22.429	[34minfo[0m	D:/Language/Go/Go_code/src/tool/server/pkg/utils/rainbowTable.go:56	æ„å»ºå½©è™¹è¡¨ç”¨æ—¶9.5528639sç§’
[tools/server]2023/07/26 - 12:35:39.941	[34minfo[0m	D:/Language/Go/Go_code/src/tool/server/core/server.go:77	Server exiting ...
[tools/server]2023/07/26 - 12:36:46.813	[34minfo[0m	D:/Language/Go/Go_code/src/tool/server/core/server.go:60	Server run success on 	{"address": ":8080"}
[tools/server]2023/07/26 - 12:37:02.386	[34minfo[0m	D:/Language/Go/Go_code/src/tool/server/pkg/utils/rainbowTable.go:56	æ„å»ºå½©è™¹è¡¨ç”¨æ—¶9.64878sç§’
[tools/server]2023/07/26 - 12:37:35.223	[34minfo[0m	D:/Language/Go/Go_code/src/tool/server/core/server.go:77	Server exiting ...
[tools/server]2023/07/26 - 12:37:38.604	[34minfo[0m	D:/Language/Go/Go_code/src/tool/server/core/server.go:60	Server run success on 	{"address": ":8080"}
[tools/server]2023/07/26 - 12:37:49.867	[34minfo[0m	D:/Language/Go/Go_code/src/tool/server/pkg/utils/rainbowTable.go:56	æ„å»ºå½©è™¹è¡¨ç”¨æ—¶9.6056149sç§’
[tools/server]2023/07/26 - 12:39:14.524	[34minfo[0m	D:/Language/Go/Go_code/src/tool/server/core/server.go:77	Server exiting ...
