[tools/server]2023/07/18 - 12:40:34.605	[34minfo[0m	D:/Language/Go/Go_code/src/tools/core/server.go:33	server run success on 	{"address": ":8080"}
[tools/server]2023/07/18 - 12:40:54.083	[34minfo[0m	D:/Language/Go/Go_code/src/tools/core/server.go:47	server exiting ...
[tools/server]2023/07/18 - 12:41:00.195	[34minfo[0m	D:/Language/Go/Go_code/src/tools/core/server.go:33	server run success on 	{"address": ":8080"}
[tools/server]2023/07/18 - 12:57:08.045	[34minfo[0m	D:/Language/Go/Go_code/src/tools/core/server.go:47	server exiting ...
[tools/server]2023/07/18 - 12:57:12.083	[34minfo[0m	D:/Language/Go/Go_code/src/tools/core/server.go:33	server run success on 	{"address": ":8080"}
[tools/server]2023/07/18 - 12:59:37.800	[34minfo[0m	D:/Language/Go/Go_code/src/tools/core/server.go:47	server exiting ...
[tools/server]2023/07/18 - 12:59:42.194	[34minfo[0m	D:/Language/Go/Go_code/src/tools/core/server.go:33	server run success on 	{"address": ":8080"}
[tools/server]2023/07/18 - 13:19:03.954	[34minfo[0m	D:/Language/Go/Go_code/src/tools/core/server.go:47	server exiting ...
[tools/server]2023/07/18 - 13:19:08.795	[34minfo[0m	D:/Language/Go/Go_code/src/tools/core/server.go:33	server run success on 	{"address": ":8080"}
[tools/server]2023/07/18 - 13:23:14.424	[34minfo[0m	D:/Language/Go/Go_code/src/tools/core/server.go:47	server exiting ...
[tools/server]2023/07/18 - 13:23:20.016	[34minfo[0m	D:/Language/Go/Go_code/src/tools/core/server.go:33	server run success on 	{"address": ":8080"}
[tools/server]2023/07/18 - 13:25:26.271	[34minfo[0m	D:/Language/Go/Go_code/src/tools/core/server.go:47	server exiting ...
[tools/server]2023/07/18 - 13:25:29.008	[34minfo[0m	D:/Language/Go/Go_code/src/tools/core/server.go:33	server run success on 	{"address": ":8080"}
[tools/server]2023/07/18 - 13:25:33.735	[34minfo[0m	D:/Language/Go/Go_code/src/tools/core/server.go:47	server exiting ...
[tools/server]2023/07/18 - 13:25:36.277	[34minfo[0m	D:/Language/Go/Go_code/src/tools/core/server.go:33	server run success on 	{"address": ":8080"}
[tools/server]2023/07/18 - 13:26:57.194	[34minfo[0m	D:/Language/Go/Go_code/src/tools/core/server.go:47	server exiting ...
[tools/server]2023/07/18 - 13:27:00.989	[34minfo[0m	D:/Language/Go/Go_code/src/tools/core/server.go:33	server run success on 	{"address": ":8080"}
[tools/server]2023/07/18 - 13:27:10.266	[34minfo[0m	D:/Language/Go/Go_code/src/tools/api/v1/md5.go:53	ç”¨æ—¶0sç§’
[tools/server]2023/07/18 - 14:31:39.670	[34minfo[0m	D:/Language/Go/Go_code/src/tools/core/server.go:47	server exiting ...
[tools/server]2023/07/18 - 14:50:08.397	[34minfo[0m	D:/Language/Go/Go_code/src/tools/core/server.go:33	server run success on 	{"address": ":8080"}
[tools/server]2023/07/18 - 14:51:27.135	[34minfo[0m	D:/Language/Go/Go_code/src/tools/service/system.go:60	è¿è¡Œå‘½ä»¤è¡Œè½¬æ¢çš„å­—ç¬¦æ˜¯:redis-server.exe              4564 Services                   0        976 K
[tools/server]2023/07/18 - 14:51:34.134	[34minfo[0m	D:/Language/Go/Go_code/src/tools/service/system.go:33	è¿è¡Œå‘½ä»¤è¡Œè½¬æ¢çš„å­—ç¬¦æ˜¯:mysqld.exe                    4572 Services                   0          8 K
mysqld.exe                    5884 Services                   0      8,248 K
[tools/server]2023/07/18 - 14:51:37.314	[34minfo[0m	D:/Language/Go/Go_code/src/tools/service/system.go:60	è¿è¡Œå‘½ä»¤è¡Œè½¬æ¢çš„å­—ç¬¦æ˜¯:redis-server.exe              4564 Services                   0        976 K
[tools/server]2023/07/18 - 14:51:39.480	[34minfo[0m	D:/Language/Go/Go_code/src/tools/service/system.go:33	è¿è¡Œå‘½ä»¤è¡Œè½¬æ¢çš„å­—ç¬¦æ˜¯:mysqld.exe                    4572 Services                   0          8 K
mysqld.exe                    5884 Services                   0      8,248 K
[tools/server]2023/07/18 - 14:52:09.328	[34minfo[0m	D:/Language/Go/Go_code/src/tools/core/server.go:47	server exiting ...
[tools/server]2023/07/18 - 14:54:26.567	[34minfo[0m	D:/Language/Go/Go_code/src/tools/core/server.go:33	server run success on 	{"address": ":8080"}
[tools/server]2023/07/18 - 14:56:42.113	[34minfo[0m	D:/Language/Go/Go_code/src/tools/core/server.go:47	server exiting ...
[tools/server]2023/07/18 - 14:56:45.235	[34minfo[0m	D:/Language/Go/Go_code/src/tools/core/server.go:33	server run success on 	{"address": ":8080"}
[tools/server]2023/07/18 - 14:57:36.963	[34minfo[0m	D:/Language/Go/Go_code/src/tools/core/server.go:47	server exiting ...
[tools/server]2023/07/18 - 15:11:34.185	[34minfo[0m	D:/Language/Go/Go_code/src/tools/core/server.go:33	server run success on 	{"address": ":8080"}
[tools/server]2023/07/18 - 15:11:45.660	[34minfo[0m	D:/Language/Go/Go_code/src/tools/core/server.go:47	server exiting ...
[tools/server]2023/07/18 - 15:11:46.853	[34minfo[0m	D:/Language/Go/Go_code/src/tools/core/server.go:33	server run success on 	{"address": ":8080"}
[tools/server]2023/07/18 - 15:14:28.768	[34minfo[0m	D:/Language/Go/Go_code/src/tools/core/server.go:33	server run success on 	{"address": ":8080"}
[tools/server]2023/07/18 - 15:15:07.367	[34minfo[0m	D:/Language/Go/Go_code/src/tools/api/v1/shortcut.go:59	è·å–å¿«æ·æŒ‡ä»¤:1
[tools/server]2023/07/18 - 15:15:10.973	[34minfo[0m	D:/Language/Go/Go_code/src/tools/api/v1/shortcut.go:59	è·å–å¿«æ·æŒ‡ä»¤:
[tools/server]2023/07/18 - 15:28:05.036	[34minfo[0m	D:/Language/Go/Go_code/src/tools/service/system.go:33	è¿è¡Œå‘½ä»¤è¡Œè½¬æ¢çš„å­—ç¬¦æ˜¯:mysqld.exe                    4572 Services                   0          8 K
mysqld.exe                    5884 Services                   0      8,248 K
[tools/server]2023/07/18 - 15:34:00.903	[34minfo[0m	D:/Language/Go/Go_code/src/tools/api/v1/shortcut.go:78	ä¿®æ”¹å¿«æ·æŒ‡ä»¤ï¼š{c070daef-fa74-4d68-93d4-7e6fd653444a 123123 12312 123123 1}

[tools/server]2023/07/18 - 15:48:22.474	[34minfo[0m	D:/Language/Go/Go_code/src/tools/core/server.go:47	server exiting ...
[tools/server]2023/07/18 - 15:48:26.850	[34minfo[0m	D:/Language/Go/Go_code/src/tools/core/server.go:33	server run success on 	{"address": ":8080"}
[tools/server]2023/07/18 - 15:50:04.744	[34minfo[0m	D:/Language/Go/Go_code/src/tools/core/server.go:47	server exiting ...
[tools/server]2023/07/18 - 15:50:07.627	[34minfo[0m	D:/Language/Go/Go_code/src/tools/core/server.go:33	server run success on 	{"address": ":8080"}
[tools/server]2023/07/18 - 15:53:06.116	[34minfo[0m	D:/Language/Go/Go_code/src/tools/api/v1/shortcut.go:113	åˆ é™¤å¿«æ·æ–¹å¼ï¼šc070daef-fa74-4d68-93d4-7e6fd653444a
[tools/server]2023/07/18 - 15:53:30.966	[34minfo[0m	D:/Language/Go/Go_code/src/tools/api/v1/shortcut.go:59	è·å–å¿«æ·æŒ‡ä»¤:1
[tools/server]2023/07/18 - 15:54:02.102	[34minfo[0m	D:/Language/Go/Go_code/src/tools/api/v1/shortcut.go:113	åˆ é™¤å¿«æ·æ–¹å¼ï¼šc070daef-fa74-4d68-93d4-7e6fd653444a
[tools/server]2023/07/18 - 15:54:55.569	[34minfo[0m	D:/Language/Go/Go_code/src/tools/core/server.go:47	server exiting ...
[tools/server]2023/07/18 - 15:54:58.337	[34minfo[0m	D:/Language/Go/Go_code/src/tools/core/server.go:33	server run success on 	{"address": ":8080"}
[tools/server]2023/07/18 - 15:54:59.785	[34minfo[0m	D:/Language/Go/Go_code/src/tools/api/v1/shortcut.go:113	åˆ é™¤å¿«æ·æ–¹å¼ï¼šc070daef-fa74-4d68-93d4-7e6fd653444a
[tools/server]2023/07/18 - 15:55:01.465	[34minfo[0m	D:/Language/Go/Go_code/src/tools/api/v1/shortcut.go:113	åˆ é™¤å¿«æ·æ–¹å¼ï¼šc070daef-fa74-4d68-93d4-7e6fd653444a
[tools/server]2023/07/18 - 15:55:18.602	[34minfo[0m	D:/Language/Go/Go_code/src/tools/api/v1/shortcut.go:113	åˆ é™¤å¿«æ·æ–¹å¼ï¼š50b61233-c16e-4445-8cd3-98115cc3144d
[tools/server]2023/07/18 - 15:55:33.949	[34minfo[0m	D:/Language/Go/Go_code/src/tools/api/v1/shortcut.go:59	è·å–å¿«æ·æŒ‡ä»¤:1
[tools/server]2023/07/18 - 15:55:38.969	[34minfo[0m	D:/Language/Go/Go_code/src/tools/api/v1/shortcut.go:59	è·å–å¿«æ·æŒ‡ä»¤:
[tools/server]2023/07/18 - 15:55:50.218	[34minfo[0m	D:/Language/Go/Go_code/src/tools/api/v1/shortcut.go:113	åˆ é™¤å¿«æ·æ–¹å¼ï¼š34f30457-b72c-4bbf-bcdf-662d10129a56
[tools/server]2023/07/18 - 15:55:52.442	[34minfo[0m	D:/Language/Go/Go_code/src/tools/api/v1/shortcut.go:59	è·å–å¿«æ·æŒ‡ä»¤:
[tools/server]2023/07/18 - 16:08:32.553	[34minfo[0m	D:/Language/Go/Go_code/src/tools/api/v1/shortcut.go:113	åˆ é™¤å¿«æ·æ–¹å¼ï¼š967b60bc-0977-420d-bd9a-47057c627f20
[tools/server]2023/07/18 - 16:08:48.132	[34minfo[0m	D:/Language/Go/Go_code/src/tools/api/v1/shortcut.go:113	åˆ é™¤å¿«æ·æ–¹å¼ï¼š967b60bc-0977-420d-bd9a-1213
[tools/server]2023/07/18 - 16:12:24.752	[34minfo[0m	D:/Language/Go/Go_code/src/tools/core/server.go:47	server exiting ...
[tools/server]2023/07/18 - 16:12:27.963	[34minfo[0m	D:/Language/Go/Go_code/src/tools/core/server.go:33	server run success on 	{"address": ":8080"}
[tools/server]2023/07/18 - 16:22:42.203	[34minfo[0m	D:/Language/Go/Go_code/src/tools/api/v1/shortcut.go:60	è·å–å¿«æ·æŒ‡ä»¤:1
[tools/server]2023/07/18 - 16:34:30.377	[34minfo[0m	D:/Language/Go/Go_code/src/tools/core/server.go:47	server exiting ...
[tools/server]2023/07/18 - 16:34:46.945	[34minfo[0m	D:/Language/Go/Go_code/src/tools/core/server.go:33	server run success on 	{"address": ":8080"}
[tools/server]2023/07/18 - 17:01:35.165	[34minfo[0m	D:/Language/Go/Go_code/src/tools/api/v1/shortcut.go:115	åˆ é™¤å¿«æ·æ–¹å¼ï¼ša2450786-bbea-4643-aae6-738c236a3754
[tools/server]2023/07/18 - 17:14:47.692	[34minfo[0m	D:/Language/Go/Go_code/src/tools/core/server.go:33	server run success on 	{"address": ":8080"}
[tools/server]2023/07/18 - 20:26:51.273	[34minfo[0m	D:/Language/Go/Go_code/src/tools/core/server.go:47	server exiting ...
