Arguments: 
  C:\Program Files\nodejs\node.exe C:\Users\willi\AppData\Roaming\npm\node_modules\yarn\bin\yarn.js install

PATH: 
  C:\Program Files\Common Files\Oracle\Java\javapath;C:\Program Files (x86)\VMware\VMware Workstation\bin\;C:\Windows\system32;C:\Windows;C:\Windows\System32\Wbem;C:\Windows\System32\WindowsPowerShell\v1.0\;C:\Windows\System32\OpenSSH\;C:\Program Files (x86)\NVIDIA Corporation\PhysX\Common;C:\Program Files\NVIDIA Corporation\NVIDIA NvDLISR;C:\Program Files\Microsoft VS Code\bin;C:\Program Files\Bandizip\;C:\Program Files\010 Editor;C:\Program Files\Git\cmd;C:\Program Files\Java\jdk-19;C:\Users\willi\sdk\go1.20.2\bin;D:\vue-cli\vue3\node_modules\.bin;D:\vue-cli\vue2\node_modules\.bin;C:\Program Files\MySQL\MySQL Server 8.0\bin;E:\学习资料\黑马后端\Maven\apache-maven-3.9.1\bin;C:\Program Files (x86)\Tencent\微信web开发者工具\dll;C:\Users\willi\AppData\Roaming\nvm;C:\Program Files\nodejs;C:\Program Files\Microsoft Visual Studio\2022\Community\Common7\IDE;C:\Program Files\php-8.2.1-nts-Win32-vs16-x64;C:\Program Files (x86)\EasyShare\x86\;C:\Program Files (x86)\EasyShare\x64\;C:\Users\willi\AppData\Local\Programs\Python\Python37\Scripts\;C:\Users\willi\AppData\Local\Programs\Python\Python37\;C:\Users\willi\.cargo\bin;C:\Users\willi\AppData\Local\Programs\Python\Python311\Scripts\;C:\Users\willi\AppData\Local\Programs\Python\Python311\;C:\Users\willi\AppData\Local\Microsoft\WindowsApps;C:\Program Files\JetBrains\IntelliJ IDEA 2022.3.3\bin;;C:\Program Files\JetBrains\CLion 2022.3.2\bin;;C:\Program Files\JetBrains\PhpStorm 2022.3.2\bin;;C:\Program Files\JetBrains\PyCharm 2022.3.3\bin;;C:\Program Files (x86)\Tencent\QQGameTempest\Hall.57915\;C:\Users\willi\AppData\Local\GitHubDesktop\bin;C:\Program Files\JetBrains\WebStorm 2022.3.3\bin;;C:\Program Files\JetBrains\GoLand 2022.3.3\bin;;C:\Users\willi\AppData\Roaming\npm;C:\Users\willi\AppData\Roaming\nvm;C:\Program Files\nodejs;C:\Program Files\JetBrains\JetBrains Gateway 2023.1.2\bin;

Yarn version: 
  1.22.19

Node version: 
  16.16.0

Platform: 
  win32 x64

Trace: 
  Error: EEXIST: file already exists, mkdir 'C:\Users\willi\Desktop\Electron\tools\node_modules\element-plus\node_modules\@vueuse'

npm manifest: 
  {
    "name": "tools",
    "private": true,
    "version": "0.0.0",
    "scripts": {
      "dev": "vite",
      "build": "vite build && electron-builder",
      "preview": "vite preview",
      "build:vite": "vite build"
    },
    "dependencies": {
      "@element-plus/icons-vue": "^2.1.0",
      "@vitejs/plugin-legacy": "^4.1.1",
      "@vue/compiler-sfc": "^3.3.4",
      "@vueuse/core": "^10.2.1",
      "axios": "^1.4.0",
      "echarts": "^5.4.2",
      "element-plus": "^2.3.7",
      "lodash": "^4.17.21",
      "pinia": "^2.1.4",
      "sass": "^1.63.6",
      "vue": "^3.2.47",
      "vue-router": "^4.2.4"
    },
    "devDependencies": {
      "@vitejs/plugin-vue": "^4.1.0",
      "electron": "^24.4.0",
      "electron-builder": "^23.6.0",
      "esbuild": "^0.18.11",
      "typescript": "^5.0.2",
      "vite": "^4.3.9",
      "vite-plugin-electron": "^0.11.2",
      "vite-plugin-electron-renderer": "^0.14.5",
      "vue-tsc": "^1.4.2"
    },
    "main": "dist-electron/main.js"
  }

yarn manifest: 
  No manifest

Lockfile: 
  No lockfile
