[tools/server]2023/07/21 - 10:12:38.962	[34minfo[0m	D:/Language/Go/Go_code/src/tools/pkg/utils/rainbowTable.go:56	构建彩虹表用时10.0508687s秒
[tools/server]2023/07/21 - 10:12:38.980	[34minfo[0m	D:/Language/Go/Go_code/src/tools/core/init_rainbowTable.go:21	初始化彩虹表用时15.8531445s秒
[tools/server]2023/07/21 - 10:12:38.983	[34minfo[0m	D:/Language/Go/Go_code/src/tools/core/server.go:43	server run success on 	{"address": ":8080"}
[tools/server]2023/07/21 - 10:15:05.645	[34minfo[0m	D:/Language/Go/Go_code/src/tools/core/server.go:57	server exiting ...
[tools/server]2023/07/21 - 10:20:54.914	[34minfo[0m	D:/Language/Go/Go_code/src/tools/core/server.go:43	server run success on 	{"address": ":8080"}
[tools/server]2023/07/21 - 10:23:27.202	[34minfo[0m	D:/Language/Go/Go_code/src/tools/core/server.go:57	server exiting ...
[tools/server]2023/07/21 - 10:23:30.441	[34minfo[0m	D:/Language/Go/Go_code/src/tools/core/server.go:43	server run success on 	{"address": ":8080"}
[tools/server]2023/07/21 - 10:25:08.900	[34minfo[0m	D:/Language/Go/Go_code/src/tools/core/server.go:57	server exiting ...
[tools/server]2023/07/21 - 10:25:12.060	[34minfo[0m	D:/Language/Go/Go_code/src/tools/core/server.go:43	server run success on 	{"address": ":8080"}
[tools/server]2023/07/21 - 10:28:46.573	[34minfo[0m	D:/Language/Go/Go_code/src/tools/core/server.go:57	server exiting ...
[tools/server]2023/07/21 - 10:28:48.934	[34minfo[0m	D:/Language/Go/Go_code/src/tools/core/server.go:43	server run success on 	{"address": ":8080"}
[tools/server]2023/07/21 - 10:37:15.879	[34minfo[0m	D:/Language/Go/Go_code/src/tools/core/server.go:57	server exiting ...
[tools/server]2023/07/21 - 10:37:18.956	[34minfo[0m	D:/Language/Go/Go_code/src/tools/core/server.go:43	server run success on 	{"address": ":8080"}
[tools/server]2023/07/21 - 10:38:13.715	[34minfo[0m	D:/Language/Go/Go_code/src/tools/core/server.go:57	server exiting ...
[tools/server]2023/07/21 - 10:38:16.812	[34minfo[0m	D:/Language/Go/Go_code/src/tools/core/server.go:43	server run success on 	{"address": ":8080"}
[tools/server]2023/07/21 - 10:49:47.396	[34minfo[0m	D:/Language/Go/Go_code/src/tools/core/server.go:57	server exiting ...
[tools/server]2023/07/21 - 10:49:50.363	[34minfo[0m	D:/Language/Go/Go_code/src/tools/core/server.go:43	server run success on 	{"address": ":8080"}
[tools/server]2023/07/21 - 10:50:14.236	[34minfo[0m	D:/Language/Go/Go_code/src/tools/core/server.go:57	server exiting ...
[tools/server]2023/07/21 - 11:20:26.300	[34minfo[0m	D:/Language/Go/Go_code/src/tools/core/server.go:43	server run success on 	{"address": ":8080"}
[tools/server]2023/07/21 - 11:22:45.517	[34minfo[0m	D:/Language/Go/Go_code/src/tools/core/server.go:57	server exiting ...
[tools/server]2023/07/21 - 11:22:47.635	[34minfo[0m	D:/Language/Go/Go_code/src/tools/core/server.go:43	server run success on 	{"address": ":8080"}
[tools/server]2023/07/21 - 11:22:59.336	[34minfo[0m	D:/Language/Go/Go_code/src/tools/api/v1/shortcut.go:61	获取快捷指令:
[tools/server]2023/07/21 - 11:54:52.669	[34minfo[0m	D:/Language/Go/Go_code/src/tools/core/server.go:57	server exiting ...
[tools/server]2023/07/21 - 11:54:55.459	[34minfo[0m	D:/Language/Go/Go_code/src/tools/core/server.go:43	server run success on 	{"address": ":8080"}
[tools/server]2023/07/21 - 11:55:38.256	[34minfo[0m	D:/Language/Go/Go_code/src/tools/api/v1/shortcut.go:61	获取快捷指令:
[tools/server]2023/07/21 - 11:56:15.898	[34minfo[0m	D:/Language/Go/Go_code/src/tools/core/server.go:57	server exiting ...
[tools/server]2023/07/21 - 11:56:17.028	[34minfo[0m	D:/Language/Go/Go_code/src/tools/core/server.go:43	server run success on 	{"address": ":8080"}
[tools/server]2023/07/21 - 11:56:25.791	[34minfo[0m	D:/Language/Go/Go_code/src/tools/core/server.go:57	server exiting ...
[tools/server]2023/07/21 - 11:57:25.980	[34minfo[0m	D:/Language/Go/Go_code/src/tools/core/server.go:43	server run success on 	{"address": ":8080"}
[tools/server]2023/07/21 - 11:57:26.006	[34minfo[0m	D:/Language/Go/Go_code/src/tools/core/server.go:57	server exiting ...
[tools/server]2023/07/21 - 11:58:06.802	[34minfo[0m	D:/Language/Go/Go_code/src/tools/core/server.go:43	server run success on 	{"address": ":8080"}
[tools/server]2023/07/21 - 11:58:11.537	[34minfo[0m	D:/Language/Go/Go_code/src/tools/core/server.go:57	server exiting ...
[tools/server]2023/07/21 - 11:58:21.851	[34minfo[0m	D:/Language/Go/Go_code/src/tools/core/server.go:43	server run success on 	{"address": ":8080"}
[tools/server]2023/07/21 - 12:43:54.877	[34minfo[0m	D:/Language/Go/Go_code/src/tools/core/server.go:57	server exiting ...
[tools/server]2023/07/21 - 22:45:41.108	[34minfo[0m	D:/Language/Go/Go_code/src/tools/core/server.go:43	server run success on 	{"address": ":8080"}
[tools/server]2023/07/21 - 22:47:46.939	[34minfo[0m	D:/Language/Go/Go_code/src/tools/core/server.go:57	server exiting ...
