[tools/server]2023/07/27 - 13:07:02.044	[34minfo[0m	D:/Language/Go/Go_code/src/tool/server/core/server.go:60	Server run success on 	{"address": ":8080"}
[tools/server]2023/07/27 - 13:07:46.350	[34minfo[0m	D:/Language/Go/Go_code/src/tool/server/core/server.go:77	Server exiting ...
[tools/server]2023/07/27 - 13:07:47.676	[34minfo[0m	D:/Language/Go/Go_code/src/tool/server/core/server.go:60	Server run success on 	{"address": ":8080"}
[tools/server]2023/07/27 - 13:08:45.919	[34minfo[0m	D:/Language/Go/Go_code/src/tool/server/api/v1/shortcut.go:80	ä¿®æ”¹å¿«æ·æŒ‡ä»¤ï¼š{d1584024-af6c-4191-82cc-0dbaa6709b2e 123123 12312 123123 1}

[tools/server]2023/07/27 - 13:09:28.443	[34minfo[0m	D:/Language/Go/Go_code/src/tool/server/api/v1/shortcut.go:61	è·å–å¿«æ·æŒ‡ä»¤:
[tools/server]2023/07/27 - 13:09:52.521	[34minfo[0m	D:/Language/Go/Go_code/src/tool/server/api/v1/shortcut.go:61	è·å–å¿«æ·æŒ‡ä»¤:
[tools/server]2023/07/27 - 13:10:07.820	[34minfo[0m	D:/Language/Go/Go_code/src/tool/server/core/server.go:77	Server exiting ...
[tools/server]2023/07/27 - 13:12:45.499	[34minfo[0m	D:/Language/Go/Go_code/src/tool/server/core/server.go:60	Server run success on 	{"address": ":8080"}
[tools/server]2023/07/27 - 13:12:52.754	[34minfo[0m	D:/Language/Go/Go_code/src/tool/server/core/server.go:77	Server exiting ...
[tools/server]2023/07/27 - 13:13:02.896	[34minfo[0m	D:/Language/Go/Go_code/src/tool/server/core/server.go:60	Server run success on 	{"address": ":8080"}
[tools/server]2023/07/27 - 13:13:52.988	[34minfo[0m	D:/Language/Go/Go_code/src/tool/server/core/server.go:77	Server exiting ...
[tools/server]2023/07/27 - 13:13:54.547	[34minfo[0m	D:/Language/Go/Go_code/src/tool/server/core/server.go:60	Server run success on 	{"address": ":8080"}
[tools/server]2023/07/27 - 13:14:15.024	[34minfo[0m	D:/Language/Go/Go_code/src/tool/server/pkg/utils/rainbowTable.go:56	æ„å»ºå½©è™¹è¡¨ç”¨æ—¶7.8219964sç§’
[tools/server]2023/07/27 - 13:16:55.233	[34minfo[0m	D:/Language/Go/Go_code/src/tool/server/core/server.go:77	Server exiting ...
[tools/server]2023/07/27 - 13:16:59.451	[34minfo[0m	D:/Language/Go/Go_code/src/tool/server/core/server.go:60	Server run success on 	{"address": ":8080"}
[tools/server]2023/07/27 - 13:17:07.839	[34minfo[0m	D:/Language/Go/Go_code/src/tool/server/pkg/utils/rainbowTable.go:56	æ„å»ºå½©è™¹è¡¨ç”¨æ—¶7.1338893sç§’
[tools/server]2023/07/27 - 13:17:36.178	[34minfo[0m	D:/Language/Go/Go_code/src/tool/server/api/v1/shortcut.go:37	è·å–å¿«æ·æŒ‡ä»¤:
[tools/server]2023/07/27 - 13:17:39.440	[34minfo[0m	D:/Language/Go/Go_code/src/tool/server/api/v1/shortcut.go:37	è·å–å¿«æ·æŒ‡ä»¤:1
[tools/server]2023/07/27 - 13:19:26.634	[34minfo[0m	D:/Language/Go/Go_code/src/tool/server/api/v1/shortcut.go:56	ä¿®æ”¹å¿«æ·æŒ‡ä»¤ï¼š{2ede742b-b9ce-47fb-9e7f-6089656a34ba 123123 12312 asdasdasdas 1}

[tools/server]2023/07/27 - 13:20:11.727	[34minfo[0m	D:/Language/Go/Go_code/src/tool/server/core/server.go:77	Server exiting ...
